<?xml version="1.0" encoding="UTF-8"?>
<!-- Generated by org.testng.reporters.JUnitReportReporter -->
<testsuite hostname="DESKTOP-QOP9CLH" failures="0" tests="1" name="com.ANDE.ANDE.Res.create_account" time="51.041" errors="0" timestamp="2020-12-21T15:55:00 EET" skipped="0">
  <testcase classname="com.ANDE.ANDE.Res.create_account" name="register" time="51.041"/>
  <system-out/>
</testsuite> <!-- com.ANDE.ANDE.Res.create_account -->
