<?xml version="1.0" encoding="UTF-8"?>
<!-- Generated by org.testng.reporters.JUnitReportReporter -->
<testsuite hostname="DESKTOP-QOP9CLH" failures="0" tests="1" name="Core.Digital_menu_base" time="17.028" errors="0" timestamp="2021-02-18T13:56:37 EET" skipped="0">
  <testcase classname="Core.Digital_menu_base" name="webDriver" time="17.028"/>
  <system-out/>
</testsuite> <!-- Core.Digital_menu_base -->
