<?xml version="1.0" encoding="UTF-8"?>
<!-- Generated by org.testng.reporters.JUnitReportReporter -->
<testsuite hostname="DESKTOP-QOP9CLH" failures="0" tests="1" name="Tests.Edit_Order" time="4.164" errors="0" timestamp="2021-02-15T15:52:48 EET" skipped="0">
  <testcase classname="Tests.Edit_Order" name="order" time="4.164"/>
  <system-out/>
</testsuite> <!-- Tests.Edit_Order -->
