<?xml version="1.0" encoding="UTF-8"?>
<!-- Generated by org.testng.reporters.JUnitReportReporter -->
<testsuite hostname="DESKTOP-QOP9CLH" failures="0" tests="4" name="dine_in.Requests" time="0.000" errors="0" timestamp="2021-03-14T10:13:34 EET" skipped="4">
  <testcase classname="dine_in.Requests" name="Create_Order" time="0.000">
    <skipped/>
  </testcase> <!-- Create_Order -->
  <system-out/>
  <testcase classname="dine_in.Requests" name="Call_waiter" time="0.000">
    <skipped/>
  </testcase> <!-- Call_waiter -->
  <system-out/>
  <testcase classname="dine_in.Requests" name="payment_request" time="0.000">
    <skipped/>
  </testcase> <!-- payment_request -->
  <system-out/>
  <testcase classname="dine_in.Requests" name="Register_Delivery" time="0.000">
    <skipped/>
  </testcase> <!-- Register_Delivery -->
  <system-out/>
</testsuite> <!-- dine_in.Requests -->
