<?xml version="1.0" encoding="UTF-8"?>
<!-- Generated by org.testng.reporters.JUnitReportReporter -->
<testsuite hostname="DESKTOP-QOP9CLH" failures="0" tests="1" name="com.ANDE.ANDE.Res.Additem" time="52.345" errors="0" timestamp="2020-12-21T16:19:41 EET" skipped="0">
  <testcase classname="com.ANDE.ANDE.Res.Additem" name="additem" time="52.345"/>
  <system-out/>
</testsuite> <!-- com.ANDE.ANDE.Res.Additem -->
