<?xml version="1.0" encoding="UTF-8"?>
<!-- Generated by org.testng.reporters.JUnitReportReporter -->
<testsuite hostname="DESKTOP-QOP9CLH" failures="0" tests="1" name="Tests.EditProfile" time="37.433" errors="0" timestamp="2021-02-15T15:13:37 EET" skipped="0">
  <testcase classname="Tests.EditProfile" name="register" time="37.433"/>
  <system-out/>
</testsuite> <!-- Tests.EditProfile -->
