<?xml version="1.0" encoding="UTF-8"?>
<!-- Generated by org.testng.reporters.JUnitReportReporter -->
<testsuite hostname="DESKTOP-QOP9CLH" failures="0" tests="6" name="com.ANDE.ANDE.Res.Login" time="3.310" errors="0" timestamp="2020-12-15T14:29:02 EET" skipped="3">
  <testcase classname="com.ANDE.ANDE.Res.Login" name="loginbtn" time="1.340"/>
  <system-out/>
  <testcase classname="com.ANDE.ANDE.Res.Login" name="TestFindElements" time="0.054"/>
  <system-out/>
  <testcase classname="com.ANDE.ANDE.Res.Login" name="validcredintial" time="1.916"/>
  <system-out/>
  <testcase classname="com.ANDE.ANDE.Res.Login" name="getUrl">
    <skipped/>
  </testcase> <!-- getUrl -->
  <system-out/>
  <testcase classname="com.ANDE.ANDE.Res.Login" name="invalidcredintial">
    <skipped/>
  </testcase> <!-- invalidcredintial -->
  <system-out/>
  <testcase classname="com.ANDE.ANDE.Res.Login" name="getTitle">
    <skipped/>
  </testcase> <!-- getTitle -->
  <system-out/>
</testsuite> <!-- com.ANDE.ANDE.Res.Login -->
