<?xml version="1.0" encoding="UTF-8"?>
<!-- Generated by org.testng.reporters.JUnitReportReporter -->
<testsuite hostname="DESKTOP-QOP9CLH" failures="0" tests="2" name="com.ANDE.ANDE.Res.Edit_Item" time="12.795" errors="0" timestamp="2020-12-15T13:29:31 EET" skipped="0">
  <testcase classname="com.ANDE.ANDE.Res.Edit_Item" name="edititem" time="10.197"/>
  <system-out/>
  <testcase classname="com.ANDE.ANDE.Res.Edit_Item" name="validcredintial" time="2.598"/>
  <system-out/>
</testsuite> <!-- com.ANDE.ANDE.Res.Edit_Item -->
