<?xml version="1.0" encoding="UTF-8"?>
<!-- Generated by org.testng.reporters.JUnitReportReporter -->
<testsuite hostname="DESKTOP-QOP9CLH" failures="0" tests="6" name="com.ANDE.ANDE.Res.AddExtras" time="86.397" errors="0" timestamp="2020-12-20T22:01:34 EET" skipped="0">
  <testcase classname="com.ANDE.ANDE.Res.AddExtras" name="AddExtra" time="20.085"/>
  <system-out/>
  <testcase classname="com.ANDE.ANDE.Res.AddExtras" name="EditExtra" time="12.429"/>
  <system-out/>
  <testcase classname="com.ANDE.ANDE.Res.AddExtras" name="AddSize" time="14.541"/>
  <system-out/>
  <testcase classname="com.ANDE.ANDE.Res.AddExtras" name="EditSize" time="12.769"/>
  <system-out/>
  <testcase classname="com.ANDE.ANDE.Res.AddExtras" name="AddCategory" time="14.101"/>
  <system-out/>
  <testcase classname="com.ANDE.ANDE.Res.AddExtras" name="EditCategory" time="12.472"/>
  <system-out/>
</testsuite> <!-- com.ANDE.ANDE.Res.AddExtras -->
