<?xml version="1.0" encoding="UTF-8"?>
<!-- Generated by org.testng.reporters.JUnitReportReporter -->
<testsuite hostname="DESKTOP-QOP9CLH" failures="0" tests="7" name="operations.Edit_Order" time="41.765" errors="0" timestamp="2021-03-07T16:51:23 EET" skipped="0">
  <testcase classname="operations.Edit_Order" name="operations_page" time="6.262"/>
  <system-out/>
  <testcase classname="operations.Edit_Order" name="status_order" time="2.420"/>
  <system-out/>
  <testcase classname="operations.Edit_Order" name="edit_order" time="22.494"/>
  <system-out/>
  <testcase classname="operations.Edit_Order" name="get_data" time="0.529"/>
  <system-out/>
  <testcase classname="operations.Edit_Order" name="call_waiter" time="1.189"/>
  <system-out/>
  <testcase classname="operations.Edit_Order" name="payment_data" time="8.302"/>
  <system-out/>
  <testcase classname="operations.Edit_Order" name="payment" time="0.569"/>
  <system-out/>
</testsuite> <!-- operations.Edit_Order -->
