<?xml version="1.0" encoding="UTF-8"?>
<!-- Generated by org.testng.reporters.JUnitReportReporter -->
<testsuite hostname="DESKTOP-QOP9CLH" failures="0" tests="4" name="digital_menu.Digital_menu" time="27.551" errors="0" timestamp="2021-03-07T14:04:01 EET" skipped="0">
  <testcase classname="digital_menu.Digital_menu" name="closedialog" time="1.266"/>
  <system-out/>
  <testcase classname="digital_menu.Digital_menu" name="scrolling" time="0.953"/>
  <system-out/>
  <testcase classname="digital_menu.Digital_menu" name="menulanguage" time="8.957"/>
  <system-out/>
  <testcase classname="digital_menu.Digital_menu" name="select" time="16.375"/>
  <system-out/>
</testsuite> <!-- digital_menu.Digital_menu -->
