<?xml version="1.0" encoding="UTF-8"?>
<!-- Generated by org.testng.reporters.JUnitReportReporter -->
<testsuite hostname="DESKTOP-QOP9CLH" failures="0" tests="2" name="Tests.Login" time="17.997" errors="0" timestamp="2021-02-15T15:52:48 EET" skipped="0">
  <testcase classname="Tests.Login" name="loginbtn" time="7.014"/>
  <system-out/>
  <testcase classname="Tests.Login" name="validcredintial" time="10.983"/>
  <system-out/>
</testsuite> <!-- Tests.Login -->
