<?xml version="1.0" encoding="UTF-8"?>
<!-- Generated by org.testng.reporters.JUnitReportReporter -->
<testsuite hostname="DESKTOP-QOP9CLH" failures="0" tests="1" name="operations.Requests" time="1.968" errors="0" timestamp="2021-03-11T10:31:55 EET" skipped="0">
  <testcase classname="operations.Requests" name="Register_Delivery" time="1.968"/>
  <system-out/>
</testsuite> <!-- operations.Requests -->
