<?xml version="1.0" encoding="UTF-8"?>
<!-- Generated by org.testng.reporters.JUnitReportReporter -->
<testsuite hostname="DESKTOP-QOP9CLH" failures="0" tests="4" name="restaurant.Tables" time="13.284" errors="0" timestamp="2021-03-04T14:26:14 EET" skipped="0">
  <testcase classname="restaurant.Tables" name="AddTable" time="7.329"/>
  <system-out/>
  <testcase classname="restaurant.Tables" name="PrintTable" time="1.617"/>
  <system-out/>
  <testcase classname="restaurant.Tables" name="SearchTable" time="1.100"/>
  <system-out/>
  <testcase classname="restaurant.Tables" name="DeleteTable" time="3.238"/>
  <system-out/>
</testsuite> <!-- restaurant.Tables -->
