<?xml version="1.0" encoding="UTF-8"?>
<!-- Generated by org.testng.reporters.JUnitReportReporter -->
<testsuite hostname="DESKTOP-QOP9CLH" failures="0" tests="6" name="restaurant.AddExtras" time="109.957" errors="0" timestamp="2021-03-04T14:26:14 EET" skipped="0">
  <testcase classname="restaurant.AddExtras" name="AddExtra" time="45.550"/>
  <system-out/>
  <testcase classname="restaurant.AddExtras" name="EditExtra" time="12.026"/>
  <system-out/>
  <testcase classname="restaurant.AddExtras" name="AddSize" time="13.588"/>
  <system-out/>
  <testcase classname="restaurant.AddExtras" name="EditSize" time="11.829"/>
  <system-out/>
  <testcase classname="restaurant.AddExtras" name="AddCategory" time="13.962"/>
  <system-out/>
  <testcase classname="restaurant.AddExtras" name="EditCategory" time="13.002"/>
  <system-out/>
</testsuite> <!-- restaurant.AddExtras -->
