<?xml version="1.0" encoding="UTF-8"?>
<!-- Generated by org.testng.reporters.JUnitReportReporter -->
<testsuite hostname="DESKTOP-QOP9CLH" failures="0" tests="7" name="dine_in.Edit_Order" time="0.000" errors="0" timestamp="2021-03-14T10:13:34 EET" skipped="7">
  <testcase classname="dine_in.Edit_Order" name="operations_page" time="0.000">
    <skipped/>
  </testcase> <!-- operations_page -->
  <system-out/>
  <testcase classname="dine_in.Edit_Order" name="status_order" time="0.000">
    <skipped/>
  </testcase> <!-- status_order -->
  <system-out/>
  <testcase classname="dine_in.Edit_Order" name="edit_order" time="0.000">
    <skipped/>
  </testcase> <!-- edit_order -->
  <system-out/>
  <testcase classname="dine_in.Edit_Order" name="get_data" time="0.000">
    <skipped/>
  </testcase> <!-- get_data -->
  <system-out/>
  <testcase classname="dine_in.Edit_Order" name="call_waiter" time="0.000">
    <skipped/>
  </testcase> <!-- call_waiter -->
  <system-out/>
  <testcase classname="dine_in.Edit_Order" name="payment_data" time="0.000">
    <skipped/>
  </testcase> <!-- payment_data -->
  <system-out/>
  <testcase classname="dine_in.Edit_Order" name="payment" time="0.000">
    <skipped/>
  </testcase> <!-- payment -->
  <system-out/>
</testsuite> <!-- dine_in.Edit_Order -->
