<?xml version="1.0" encoding="UTF-8"?>
<!-- Generated by org.testng.reporters.JUnitReportReporter -->
<testsuite hostname="DESKTOP-QOP9CLH" failures="0" tests="5" name="com.ANDE.ANDE.Res.TestNG" time="2.812" errors="0" timestamp="2020-12-01T12:31:53 EET" skipped="3">
  <testcase classname="com.ANDE.ANDE.Res.TestNG" name="loginbtn" time="1.110"/>
  <system-out/>
  <testcase classname="com.ANDE.ANDE.Res.TestNG" name="validcredintial" time="1.702"/>
  <system-out/>
  <testcase classname="com.ANDE.ANDE.Res.TestNG" name="getTitle">
    <skipped/>
  </testcase> <!-- getTitle -->
  <system-out/>
  <testcase classname="com.ANDE.ANDE.Res.TestNG" name="getUrl">
    <skipped/>
  </testcase> <!-- getUrl -->
  <system-out/>
  <testcase classname="com.ANDE.ANDE.Res.TestNG" name="invalidcredintial">
    <skipped/>
  </testcase> <!-- invalidcredintial -->
  <system-out/>
</testsuite> <!-- com.ANDE.ANDE.Res.TestNG -->
