<?xml version="1.0" encoding="UTF-8"?>
<!-- Generated by org.testng.reporters.JUnitReportReporter -->
<testsuite hostname="DESKTOP-QOP9CLH" failures="0" tests="2" name="com.ANDE.ANDE.Res.test" time="12.187" errors="0" timestamp="2020-12-15T13:40:12 EET" skipped="0">
  <testcase classname="com.ANDE.ANDE.Res.test" name="edititem" time="10.076"/>
  <system-out/>
  <testcase classname="com.ANDE.ANDE.Res.test" name="validcredintial" time="2.111"/>
  <system-out/>
</testsuite> <!-- com.ANDE.ANDE.Res.test -->
