<?xml version="1.0" encoding="UTF-8"?>
<!-- Generated by org.testng.reporters.JUnitReportReporter -->
<testsuite hostname="DESKTOP-QOP9CLH" failures="0" tests="3" name="operations.Settings" time="10.978" errors="0" timestamp="2021-03-07T16:51:23 EET" skipped="0">
  <testcase classname="operations.Settings" name="DineInSetting_negative_numbers" time="5.541"/>
  <system-out/>
  <testcase classname="operations.Settings" name="DineInSetting_positive_numbers" time="5.260"/>
  <system-out/>
  <testcase classname="operations.Settings" name="payment_methods" time="0.177"/>
  <system-out/>
</testsuite> <!-- operations.Settings -->
