<?xml version="1.0" encoding="UTF-8"?>
<!-- Generated by org.testng.reporters.JUnitReportReporter -->
<testsuite hostname="DESKTOP-QOP9CLH" failures="0" tests="6" name="Tests.AddExtras" time="114.029" errors="0" timestamp="2021-02-15T15:52:48 EET" skipped="0">
  <testcase classname="Tests.AddExtras" name="AddExtra" time="46.710"/>
  <system-out/>
  <testcase classname="Tests.AddExtras" name="EditExtra" time="11.737"/>
  <system-out/>
  <testcase classname="Tests.AddExtras" name="AddSize" time="15.596"/>
  <system-out/>
  <testcase classname="Tests.AddExtras" name="EditSize" time="12.107"/>
  <system-out/>
  <testcase classname="Tests.AddExtras" name="AddCategory" time="14.348"/>
  <system-out/>
  <testcase classname="Tests.AddExtras" name="EditCategory" time="13.531"/>
  <system-out/>
</testsuite> <!-- Tests.AddExtras -->
