<?xml version="1.0" encoding="UTF-8"?>
<!-- Generated by org.testng.reporters.JUnitReportReporter -->
<testsuite hostname="DESKTOP-QOP9CLH" failures="0" tests="1" name="restaurant.Additem" time="63.566" errors="0" timestamp="2021-03-04T14:26:14 EET" skipped="0">
  <testcase classname="restaurant.Additem" name="additem" time="63.566"/>
  <system-out/>
</testsuite> <!-- restaurant.Additem -->
