<?xml version="1.0" encoding="UTF-8"?>
<!-- Generated by org.testng.reporters.JUnitReportReporter -->
<testsuite hostname="DESKTOP-QOP9CLH" failures="0" tests="3" name="dine_in.Settings" time="0.000" errors="0" timestamp="2021-03-14T10:13:34 EET" skipped="3">
  <testcase classname="dine_in.Settings" name="DineInSetting_negative_numbers" time="0.000">
    <skipped/>
  </testcase> <!-- DineInSetting_negative_numbers -->
  <system-out/>
  <testcase classname="dine_in.Settings" name="DineInSetting_positive_numbers" time="0.000">
    <skipped/>
  </testcase> <!-- DineInSetting_positive_numbers -->
  <system-out/>
  <testcase classname="dine_in.Settings" name="payment_methods" time="0.000">
    <skipped/>
  </testcase> <!-- payment_methods -->
  <system-out/>
</testsuite> <!-- dine_in.Settings -->
