<?xml version="1.0" encoding="UTF-8"?>
<!-- Generated by org.testng.reporters.JUnitReportReporter -->
<testsuite hostname="DESKTOP-QOP9CLH" failures="0" tests="1" name="restaurant.create_account" time="31.322" errors="0" timestamp="2021-03-04T14:26:14 EET" skipped="0">
  <testcase classname="restaurant.create_account" name="register" time="31.322"/>
  <system-out/>
</testsuite> <!-- restaurant.create_account -->
